<?xml version="1.0" encoding="UTF-8"?>
<testsuite xmlns:xsi="http://www.w3.org/2001/XMLSchema-instance" xsi:noNamespaceSchemaLocation="https://maven.apache.org/surefire/maven-surefire-plugin/xsd/surefire-test-report-3.0.xsd" version="3.0" name="com.qa.ims.persistence.dao.OrderDaoMysqlTest" time="0.57" tests="6" errors="0" skipped="0" failures="6">
  <properties>
    <property name="java.specification.version" value="14"/>
    <property name="sun.cpu.isalist" value="amd64"/>
    <property name="sun.jnu.encoding" value="Cp1252"/>
    <property name="java.class.path" value="C:\Users\Nilay\OneDrive\Documents\Work\QA Consulting\Work Documents\FirstProject\ims-starting-point\target\test-classes;C:\Users\Nilay\OneDrive\Documents\Work\QA Consulting\Work Documents\FirstProject\ims-starting-point\target\classes;C:\Users\Nilay\.m2\repository\mysql\mysql-connector-java\8.0.19\mysql-connector-java-8.0.19.jar;C:\Users\Nilay\.m2\repository\com\google\protobuf\protobuf-java\3.6.1\protobuf-java-3.6.1.jar;C:\Users\Nilay\.m2\repository\log4j\log4j\1.2.17\log4j-1.2.17.jar;C:\Users\Nilay\.m2\repository\org\mockito\mockito-core\3.2.4\mockito-core-3.2.4.jar;C:\Users\Nilay\.m2\repository\net\bytebuddy\byte-buddy\1.10.5\byte-buddy-1.10.5.jar;C:\Users\Nilay\.m2\repository\net\bytebuddy\byte-buddy-agent\1.10.5\byte-buddy-agent-1.10.5.jar;C:\Users\Nilay\.m2\repository\org\objenesis\objenesis\2.6\objenesis-2.6.jar;C:\Users\Nilay\.m2\repository\junit\junit\4.12\junit-4.12.jar;C:\Users\Nilay\.m2\repository\org\hamcrest\hamcrest-core\1.3\hamcrest-core-1.3.jar;C:\Users\Nilay\.m2\repository\org\apache\maven\plugins\maven-surefire-report-plugin\3.0.0-M5\maven-surefire-report-plugin-3.0.0-M5.jar;C:\Users\Nilay\.m2\repository\org\apache\maven\surefire\surefire-report-parser\3.0.0-M5\surefire-report-parser-3.0.0-M5.jar;C:\Users\Nilay\.m2\repository\org\apache\maven\surefire\surefire-logger-api\3.0.0-M5\surefire-logger-api-3.0.0-M5.jar;C:\Users\Nilay\.m2\repository\org\apache\maven\surefire\surefire-shared-utils\3.0.0-M4\surefire-shared-utils-3.0.0-M4.jar;C:\Users\Nilay\.m2\repository\org\apache\maven\reporting\maven-reporting-api\3.0\maven-reporting-api-3.0.jar;C:\Users\Nilay\.m2\repository\org\apache\maven\maven-plugin-api\3.0\maven-plugin-api-3.0.jar;C:\Users\Nilay\.m2\repository\org\apache\maven\maven-model\3.0\maven-model-3.0.jar;C:\Users\Nilay\.m2\repository\org\apache\maven\maven-artifact\3.0\maven-artifact-3.0.jar;C:\Users\Nilay\.m2\repository\org\sonatype\sisu\sisu-inject-plexus\1.4.2\sisu-inject-plexus-1.4.2.jar;C:\Users\Nilay\.m2\repository\org\codehaus\plexus\plexus-classworlds\2.2.3\plexus-classworlds-2.2.3.jar;C:\Users\Nilay\.m2\repository\org\sonatype\sisu\sisu-inject-bean\1.4.2\sisu-inject-bean-1.4.2.jar;C:\Users\Nilay\.m2\repository\org\sonatype\sisu\sisu-guice\2.1.7\sisu-guice-2.1.7-noaop.jar;C:\Users\Nilay\.m2\repository\org\apache\maven\reporting\maven-reporting-impl\3.0.0\maven-reporting-impl-3.0.0.jar;C:\Users\Nilay\.m2\repository\org\apache\maven\maven-core\3.0\maven-core-3.0.jar;C:\Users\Nilay\.m2\repository\org\apache\maven\maven-settings\3.0\maven-settings-3.0.jar;C:\Users\Nilay\.m2\repository\org\apache\maven\maven-settings-builder\3.0\maven-settings-builder-3.0.jar;C:\Users\Nilay\.m2\repository\org\apache\maven\maven-repository-metadata\3.0\maven-repository-metadata-3.0.jar;C:\Users\Nilay\.m2\repository\org\apache\maven\maven-model-builder\3.0\maven-model-builder-3.0.jar;C:\Users\Nilay\.m2\repository\org\apache\maven\maven-aether-provider\3.0\maven-aether-provider-3.0.jar;C:\Users\Nilay\.m2\repository\org\sonatype\aether\aether-impl\1.7\aether-impl-1.7.jar;C:\Users\Nilay\.m2\repository\org\sonatype\aether\aether-spi\1.7\aether-spi-1.7.jar;C:\Users\Nilay\.m2\repository\org\sonatype\aether\aether-api\1.7\aether-api-1.7.jar;C:\Users\Nilay\.m2\repository\org\sonatype\aether\aether-util\1.7\aether-util-1.7.jar;C:\Users\Nilay\.m2\repository\org\codehaus\plexus\plexus-interpolation\1.14\plexus-interpolation-1.14.jar;C:\Users\Nilay\.m2\repository\org\sonatype\plexus\plexus-sec-dispatcher\1.3\plexus-sec-dispatcher-1.3.jar;C:\Users\Nilay\.m2\repository\org\sonatype\plexus\plexus-cipher\1.4\plexus-cipher-1.4.jar;C:\Users\Nilay\.m2\repository\org\apache\maven\shared\maven-shared-utils\3.2.0\maven-shared-utils-3.2.0.jar;C:\Users\Nilay\.m2\repository\commons-io\commons-io\2.5\commons-io-2.5.jar;C:\Users\Nilay\.m2\repository\org\codehaus\plexus\plexus-utils\3.0.24\plexus-utils-3.0.24.jar;C:\Users\Nilay\.m2\repository\org\apache\maven\doxia\doxia-sink-api\1.9.1\doxia-sink-api-1.9.1.jar;C:\Users\Nilay\.m2\repository\org\apache\maven\doxia\doxia-logging-api\1.9.1\doxia-logging-api-1.9.1.jar;C:\Users\Nilay\.m2\repository\org\apache\maven\doxia\doxia-decoration-model\1.9.2\doxia-decoration-model-1.9.2.jar;C:\Users\Nilay\.m2\repository\org\codehaus\plexus\plexus-component-annotations\2.0.0\plexus-component-annotations-2.0.0.jar;C:\Users\Nilay\.m2\repository\org\apache\maven\doxia\doxia-core\1.9.1\doxia-core-1.9.1.jar;C:\Users\Nilay\.m2\repository\org\codehaus\plexus\plexus-container-default\1.7.1\plexus-container-default-1.7.1.jar;C:\Users\Nilay\.m2\repository\org\apache\xbean\xbean-reflect\3.7\xbean-reflect-3.7.jar;C:\Users\Nilay\.m2\repository\com\google\collections\google-collections\1.0\google-collections-1.0.jar;C:\Users\Nilay\.m2\repository\org\apache\commons\commons-lang3\3.5\commons-lang3-3.5.jar;C:\Users\Nilay\.m2\repository\org\apache\httpcomponents\httpclient\4.5.8\httpclient-4.5.8.jar;C:\Users\Nilay\.m2\repository\commons-logging\commons-logging\1.2\commons-logging-1.2.jar;C:\Users\Nilay\.m2\repository\commons-codec\commons-codec\1.11\commons-codec-1.11.jar;C:\Users\Nilay\.m2\repository\org\apache\httpcomponents\httpcore\4.4.11\httpcore-4.4.11.jar;C:\Users\Nilay\.m2\repository\org\apache\maven\doxia\doxia-site-renderer\1.9.2\doxia-site-renderer-1.9.2.jar;C:\Users\Nilay\.m2\repository\org\apache\maven\doxia\doxia-skin-model\1.9.2\doxia-skin-model-1.9.2.jar;C:\Users\Nilay\.m2\repository\org\apache\maven\doxia\doxia-module-xhtml\1.9.1\doxia-module-xhtml-1.9.1.jar;C:\Users\Nilay\.m2\repository\org\apache\maven\doxia\doxia-module-xhtml5\1.9.1\doxia-module-xhtml5-1.9.1.jar;C:\Users\Nilay\.m2\repository\org\codehaus\plexus\plexus-i18n\1.0-beta-10\plexus-i18n-1.0-beta-10.jar;C:\Users\Nilay\.m2\repository\org\codehaus\plexus\plexus-velocity\1.2\plexus-velocity-1.2.jar;C:\Users\Nilay\.m2\repository\org\apache\velocity\velocity\1.7\velocity-1.7.jar;C:\Users\Nilay\.m2\repository\org\apache\velocity\velocity-tools\2.0\velocity-tools-2.0.jar;C:\Users\Nilay\.m2\repository\commons-beanutils\commons-beanutils\1.7.0\commons-beanutils-1.7.0.jar;C:\Users\Nilay\.m2\repository\commons-digester\commons-digester\1.8\commons-digester-1.8.jar;C:\Users\Nilay\.m2\repository\commons-chain\commons-chain\1.1\commons-chain-1.1.jar;C:\Users\Nilay\.m2\repository\dom4j\dom4j\1.1\dom4j-1.1.jar;C:\Users\Nilay\.m2\repository\oro\oro\2.0.8\oro-2.0.8.jar;C:\Users\Nilay\.m2\repository\commons-collections\commons-collections\3.2.2\commons-collections-3.2.2.jar;C:\Users\Nilay\.m2\repository\commons-lang\commons-lang\2.6\commons-lang-2.6.jar;"/>
    <property name="java.vm.vendor" value="Oracle Corporation"/>
    <property name="sun.arch.data.model" value="64"/>
    <property name="user.variant" value=""/>
    <property name="java.vendor.url" value="https://java.oracle.com/"/>
    <property name="user.timezone" value="Europe/London"/>
    <property name="os.name" value="Windows 10"/>
    <property name="java.vm.specification.version" value="14"/>
    <property name="sun.java.launcher" value="SUN_STANDARD"/>
    <property name="user.country" value="GB"/>
    <property name="sun.boot.library.path" value="C:\Program Files\Java\jdk-14.0.1\bin"/>
    <property name="sun.java.command" value="C:\Users\Nilay\AppData\Local\Temp\surefire17148310053169324104\surefirebooter17112385500957175891.jar C:\Users\Nilay\AppData\Local\Temp\surefire17148310053169324104 2020-07-17T14-08-17_329-jvmRun1 surefire12598735840972918191tmp surefire_013422850009124536209tmp"/>
    <property name="jdk.debug" value="release"/>
    <property name="surefire.test.class.path" value="C:\Users\Nilay\OneDrive\Documents\Work\QA Consulting\Work Documents\FirstProject\ims-starting-point\target\test-classes;C:\Users\Nilay\OneDrive\Documents\Work\QA Consulting\Work Documents\FirstProject\ims-starting-point\target\classes;C:\Users\Nilay\.m2\repository\mysql\mysql-connector-java\8.0.19\mysql-connector-java-8.0.19.jar;C:\Users\Nilay\.m2\repository\com\google\protobuf\protobuf-java\3.6.1\protobuf-java-3.6.1.jar;C:\Users\Nilay\.m2\repository\log4j\log4j\1.2.17\log4j-1.2.17.jar;C:\Users\Nilay\.m2\repository\org\mockito\mockito-core\3.2.4\mockito-core-3.2.4.jar;C:\Users\Nilay\.m2\repository\net\bytebuddy\byte-buddy\1.10.5\byte-buddy-1.10.5.jar;C:\Users\Nilay\.m2\repository\net\bytebuddy\byte-buddy-agent\1.10.5\byte-buddy-agent-1.10.5.jar;C:\Users\Nilay\.m2\repository\org\objenesis\objenesis\2.6\objenesis-2.6.jar;C:\Users\Nilay\.m2\repository\junit\junit\4.12\junit-4.12.jar;C:\Users\Nilay\.m2\repository\org\hamcrest\hamcrest-core\1.3\hamcrest-core-1.3.jar;C:\Users\Nilay\.m2\repository\org\apache\maven\plugins\maven-surefire-report-plugin\3.0.0-M5\maven-surefire-report-plugin-3.0.0-M5.jar;C:\Users\Nilay\.m2\repository\org\apache\maven\surefire\surefire-report-parser\3.0.0-M5\surefire-report-parser-3.0.0-M5.jar;C:\Users\Nilay\.m2\repository\org\apache\maven\surefire\surefire-logger-api\3.0.0-M5\surefire-logger-api-3.0.0-M5.jar;C:\Users\Nilay\.m2\repository\org\apache\maven\surefire\surefire-shared-utils\3.0.0-M4\surefire-shared-utils-3.0.0-M4.jar;C:\Users\Nilay\.m2\repository\org\apache\maven\reporting\maven-reporting-api\3.0\maven-reporting-api-3.0.jar;C:\Users\Nilay\.m2\repository\org\apache\maven\maven-plugin-api\3.0\maven-plugin-api-3.0.jar;C:\Users\Nilay\.m2\repository\org\apache\maven\maven-model\3.0\maven-model-3.0.jar;C:\Users\Nilay\.m2\repository\org\apache\maven\maven-artifact\3.0\maven-artifact-3.0.jar;C:\Users\Nilay\.m2\repository\org\sonatype\sisu\sisu-inject-plexus\1.4.2\sisu-inject-plexus-1.4.2.jar;C:\Users\Nilay\.m2\repository\org\codehaus\plexus\plexus-classworlds\2.2.3\plexus-classworlds-2.2.3.jar;C:\Users\Nilay\.m2\repository\org\sonatype\sisu\sisu-inject-bean\1.4.2\sisu-inject-bean-1.4.2.jar;C:\Users\Nilay\.m2\repository\org\sonatype\sisu\sisu-guice\2.1.7\sisu-guice-2.1.7-noaop.jar;C:\Users\Nilay\.m2\repository\org\apache\maven\reporting\maven-reporting-impl\3.0.0\maven-reporting-impl-3.0.0.jar;C:\Users\Nilay\.m2\repository\org\apache\maven\maven-core\3.0\maven-core-3.0.jar;C:\Users\Nilay\.m2\repository\org\apache\maven\maven-settings\3.0\maven-settings-3.0.jar;C:\Users\Nilay\.m2\repository\org\apache\maven\maven-settings-builder\3.0\maven-settings-builder-3.0.jar;C:\Users\Nilay\.m2\repository\org\apache\maven\maven-repository-metadata\3.0\maven-repository-metadata-3.0.jar;C:\Users\Nilay\.m2\repository\org\apache\maven\maven-model-builder\3.0\maven-model-builder-3.0.jar;C:\Users\Nilay\.m2\repository\org\apache\maven\maven-aether-provider\3.0\maven-aether-provider-3.0.jar;C:\Users\Nilay\.m2\repository\org\sonatype\aether\aether-impl\1.7\aether-impl-1.7.jar;C:\Users\Nilay\.m2\repository\org\sonatype\aether\aether-spi\1.7\aether-spi-1.7.jar;C:\Users\Nilay\.m2\repository\org\sonatype\aether\aether-api\1.7\aether-api-1.7.jar;C:\Users\Nilay\.m2\repository\org\sonatype\aether\aether-util\1.7\aether-util-1.7.jar;C:\Users\Nilay\.m2\repository\org\codehaus\plexus\plexus-interpolation\1.14\plexus-interpolation-1.14.jar;C:\Users\Nilay\.m2\repository\org\sonatype\plexus\plexus-sec-dispatcher\1.3\plexus-sec-dispatcher-1.3.jar;C:\Users\Nilay\.m2\repository\org\sonatype\plexus\plexus-cipher\1.4\plexus-cipher-1.4.jar;C:\Users\Nilay\.m2\repository\org\apache\maven\shared\maven-shared-utils\3.2.0\maven-shared-utils-3.2.0.jar;C:\Users\Nilay\.m2\repository\commons-io\commons-io\2.5\commons-io-2.5.jar;C:\Users\Nilay\.m2\repository\org\codehaus\plexus\plexus-utils\3.0.24\plexus-utils-3.0.24.jar;C:\Users\Nilay\.m2\repository\org\apache\maven\doxia\doxia-sink-api\1.9.1\doxia-sink-api-1.9.1.jar;C:\Users\Nilay\.m2\repository\org\apache\maven\doxia\doxia-logging-api\1.9.1\doxia-logging-api-1.9.1.jar;C:\Users\Nilay\.m2\repository\org\apache\maven\doxia\doxia-decoration-model\1.9.2\doxia-decoration-model-1.9.2.jar;C:\Users\Nilay\.m2\repository\org\codehaus\plexus\plexus-component-annotations\2.0.0\plexus-component-annotations-2.0.0.jar;C:\Users\Nilay\.m2\repository\org\apache\maven\doxia\doxia-core\1.9.1\doxia-core-1.9.1.jar;C:\Users\Nilay\.m2\repository\org\codehaus\plexus\plexus-container-default\1.7.1\plexus-container-default-1.7.1.jar;C:\Users\Nilay\.m2\repository\org\apache\xbean\xbean-reflect\3.7\xbean-reflect-3.7.jar;C:\Users\Nilay\.m2\repository\com\google\collections\google-collections\1.0\google-collections-1.0.jar;C:\Users\Nilay\.m2\repository\org\apache\commons\commons-lang3\3.5\commons-lang3-3.5.jar;C:\Users\Nilay\.m2\repository\org\apache\httpcomponents\httpclient\4.5.8\httpclient-4.5.8.jar;C:\Users\Nilay\.m2\repository\commons-logging\commons-logging\1.2\commons-logging-1.2.jar;C:\Users\Nilay\.m2\repository\commons-codec\commons-codec\1.11\commons-codec-1.11.jar;C:\Users\Nilay\.m2\repository\org\apache\httpcomponents\httpcore\4.4.11\httpcore-4.4.11.jar;C:\Users\Nilay\.m2\repository\org\apache\maven\doxia\doxia-site-renderer\1.9.2\doxia-site-renderer-1.9.2.jar;C:\Users\Nilay\.m2\repository\org\apache\maven\doxia\doxia-skin-model\1.9.2\doxia-skin-model-1.9.2.jar;C:\Users\Nilay\.m2\repository\org\apache\maven\doxia\doxia-module-xhtml\1.9.1\doxia-module-xhtml-1.9.1.jar;C:\Users\Nilay\.m2\repository\org\apache\maven\doxia\doxia-module-xhtml5\1.9.1\doxia-module-xhtml5-1.9.1.jar;C:\Users\Nilay\.m2\repository\org\codehaus\plexus\plexus-i18n\1.0-beta-10\plexus-i18n-1.0-beta-10.jar;C:\Users\Nilay\.m2\repository\org\codehaus\plexus\plexus-velocity\1.2\plexus-velocity-1.2.jar;C:\Users\Nilay\.m2\repository\org\apache\velocity\velocity\1.7\velocity-1.7.jar;C:\Users\Nilay\.m2\repository\org\apache\velocity\velocity-tools\2.0\velocity-tools-2.0.jar;C:\Users\Nilay\.m2\repository\commons-beanutils\commons-beanutils\1.7.0\commons-beanutils-1.7.0.jar;C:\Users\Nilay\.m2\repository\commons-digester\commons-digester\1.8\commons-digester-1.8.jar;C:\Users\Nilay\.m2\repository\commons-chain\commons-chain\1.1\commons-chain-1.1.jar;C:\Users\Nilay\.m2\repository\dom4j\dom4j\1.1\dom4j-1.1.jar;C:\Users\Nilay\.m2\repository\oro\oro\2.0.8\oro-2.0.8.jar;C:\Users\Nilay\.m2\repository\commons-collections\commons-collections\3.2.2\commons-collections-3.2.2.jar;C:\Users\Nilay\.m2\repository\commons-lang\commons-lang\2.6\commons-lang-2.6.jar;"/>
    <property name="sun.cpu.endian" value="little"/>
    <property name="user.home" value="C:\Users\Nilay"/>
    <property name="user.language" value="en"/>
    <property name="java.specification.vendor" value="Oracle Corporation"/>
    <property name="java.version.date" value="2020-04-14"/>
    <property name="java.home" value="C:\Program Files\Java\jdk-14.0.1"/>
    <property name="file.separator" value="\"/>
    <property name="basedir" value="C:\Users\Nilay\OneDrive\Documents\Work\QA Consulting\Work Documents\FirstProject\ims-starting-point"/>
    <property name="java.vm.compressedOopsMode" value="32-bit"/>
    <property name="line.separator" value="&#10;"/>
    <property name="java.vm.specification.vendor" value="Oracle Corporation"/>
    <property name="java.specification.name" value="Java Platform API Specification"/>
    <property name="surefire.real.class.path" value="C:\Users\Nilay\AppData\Local\Temp\surefire17148310053169324104\surefirebooter17112385500957175891.jar"/>
    <property name="user.script" value=""/>
    <property name="sun.management.compiler" value="HotSpot 64-Bit Tiered Compilers"/>
    <property name="java.runtime.version" value="14.0.1+7"/>
    <property name="user.name" value="Nilay"/>
    <property name="path.separator" value=";"/>
    <property name="os.version" value="10.0"/>
    <property name="java.runtime.name" value="Java(TM) SE Runtime Environment"/>
    <property name="file.encoding" value="Cp1252"/>
    <property name="java.vm.name" value="Java HotSpot(TM) 64-Bit Server VM"/>
    <property name="localRepository" value="C:\Users\Nilay\.m2\repository"/>
    <property name="java.vendor.url.bug" value="https://bugreport.java.com/bugreport/"/>
    <property name="java.io.tmpdir" value="C:\Users\Nilay\AppData\Local\Temp\"/>
    <property name="java.version" value="14.0.1"/>
    <property name="user.dir" value="C:\Users\Nilay\OneDrive\Documents\Work\QA Consulting\Work Documents\FirstProject\ims-starting-point"/>
    <property name="os.arch" value="amd64"/>
    <property name="java.vm.specification.name" value="Java Virtual Machine Specification"/>
    <property name="sun.os.patch.level" value=""/>
    <property name="java.library.path" value="C:\Program Files\Java\jdk-14.0.1\bin;C:\WINDOWS\Sun\Java\bin;C:\WINDOWS\system32;C:\WINDOWS;C:\Users\Nilay\bin;C:\Program Files\Git\mingw64\bin;C:\Program Files\Git\usr\local\bin;C:\Program Files\Git\usr\bin;C:\Program Files\Git\usr\bin;C:\Program Files\Git\mingw64\bin;C:\Program Files\Git\usr\bin;C:\Users\Nilay\bin;C:\Program Files\Python38\Scripts;C:\Program Files\Python38;C:\Program Files (x86)\Intel\Intel(R) Management Engine Components\iCLS;C:\Program Files\Intel\Intel(R) Management Engine Components\iCLS;C:\WINDOWS\system32;C:\WINDOWS;C:\WINDOWS\System32\Wbem;C:\WINDOWS\System32\WindowsPowerShell\v1.0;C:\WINDOWS\System32\OpenSSH;C:\Program Files (x86)\Intel\Intel(R) Management Engine Components\DAL;C:\Program Files\Intel\Intel(R) Management Engine Components\DAL;C:\Program Files (x86)\Intel\Intel(R) Management Engine Components\IPT;C:\Program Files\Intel\Intel(R) Management Engine Components\IPT;C:\Program Files\Intel\WiFi\bin;C:\Program Files\Common Files\Intel\WirelessCommon;C:\Program Files\Java\jdk-14.0.1\bin;C:\Program Files\Maven\apache-maven-3.6.3\bin;C:\Users\Nilay\AppData\Local\Microsoft\WindowsApps;C:\Users\Nilay\AppData\Local\GitHubDesktop\bin;C:\Users\Nilay\AppData\Local\Microsoft\WindowsApps;C:\Users\Nilay\AppData\Local\atom\bin;C:\Program Files\Git\usr\bin\vendor_perl;C:\Program Files\Git\usr\bin\core_perl;."/>
    <property name="java.vm.info" value="mixed mode, sharing"/>
    <property name="java.vendor" value="Oracle Corporation"/>
    <property name="java.vm.version" value="14.0.1+7"/>
    <property name="sun.io.unicode.encoding" value="UnicodeLittle"/>
    <property name="java.class.version" value="58.0"/>
  </properties>
  <testcase name="CreateTest" classname="com.qa.ims.persistence.dao.OrderDaoMysqlTest" time="0.049">
    <failure message="expected:&lt;com.qa.ims.persistence.domain.Order@63061b62&gt; but was:&lt;null&gt;" type="java.lang.AssertionError"><![CDATA[java.lang.AssertionError: expected:<com.qa.ims.persistence.domain.Order@63061b62> but was:<null>
	at com.qa.ims.persistence.dao.OrderDaoMysqlTest.CreateTest(OrderDaoMysqlTest.java:93)
]]></failure>
    <system-out><![CDATA[DEBUG - [Ljava.lang.StackTraceElement;@66e6e5e9
ERROR - Access denied for user 'root'@'localhost' (using password: YES)
DEBUG - com.mysql.cj.jdbc.exceptions.SQLError.createSQLException(SQLError.java:129)
DEBUG - com.mysql.cj.jdbc.exceptions.SQLError.createSQLException(SQLError.java:97)
DEBUG - com.mysql.cj.jdbc.exceptions.SQLExceptionsMapping.translateException(SQLExceptionsMapping.java:122)
DEBUG - com.mysql.cj.jdbc.ConnectionImpl.createNewIO(ConnectionImpl.java:836)
DEBUG - com.mysql.cj.jdbc.ConnectionImpl.<init>(ConnectionImpl.java:456)
DEBUG - com.mysql.cj.jdbc.ConnectionImpl.getInstance(ConnectionImpl.java:246)
DEBUG - com.mysql.cj.jdbc.NonRegisteringDriver.connect(NonRegisteringDriver.java:197)
DEBUG - java.sql/java.sql.DriverManager.getConnection(DriverManager.java:677)
DEBUG - java.sql/java.sql.DriverManager.getConnection(DriverManager.java:228)
DEBUG - com.qa.ims.Ims.init(Ims.java:126)
DEBUG - com.qa.ims.persistence.dao.OrderDaoMysqlTest.aInit(OrderDaoMysqlTest.java:73)
DEBUG - java.base/jdk.internal.reflect.NativeMethodAccessorImpl.invoke0(Native Method)
DEBUG - java.base/jdk.internal.reflect.NativeMethodAccessorImpl.invoke(NativeMethodAccessorImpl.java:62)
DEBUG - java.base/jdk.internal.reflect.DelegatingMethodAccessorImpl.invoke(DelegatingMethodAccessorImpl.java:43)
DEBUG - java.base/java.lang.reflect.Method.invoke(Method.java:564)
DEBUG - org.junit.runners.model.FrameworkMethod$1.runReflectiveCall(FrameworkMethod.java:50)
DEBUG - org.junit.internal.runners.model.ReflectiveCallable.run(ReflectiveCallable.java:12)
DEBUG - org.junit.runners.model.FrameworkMethod.invokeExplosively(FrameworkMethod.java:47)
DEBUG - org.junit.internal.runners.statements.RunBefores.evaluate(RunBefores.java:24)
DEBUG - org.junit.internal.runners.statements.RunAfters.evaluate(RunAfters.java:27)
DEBUG - org.junit.runners.ParentRunner.run(ParentRunner.java:363)
DEBUG - org.mockito.internal.runners.DefaultInternalRunner$1.run(DefaultInternalRunner.java:77)
DEBUG - org.mockito.internal.runners.DefaultInternalRunner.run(DefaultInternalRunner.java:83)
DEBUG - org.mockito.internal.runners.StrictRunner.run(StrictRunner.java:39)
DEBUG - org.mockito.junit.MockitoJUnitRunner.run(MockitoJUnitRunner.java:163)
DEBUG - org.apache.maven.surefire.junit4.JUnit4Provider.execute(JUnit4Provider.java:364)
DEBUG - org.apache.maven.surefire.junit4.JUnit4Provider.executeWithRerun(JUnit4Provider.java:272)
DEBUG - org.apache.maven.surefire.junit4.JUnit4Provider.executeTestSet(JUnit4Provider.java:237)
DEBUG - org.apache.maven.surefire.junit4.JUnit4Provider.invoke(JUnit4Provider.java:158)
DEBUG - org.apache.maven.surefire.booter.ForkedBooter.runSuitesInProcess(ForkedBooter.java:428)
DEBUG - org.apache.maven.surefire.booter.ForkedBooter.execute(ForkedBooter.java:162)
DEBUG - org.apache.maven.surefire.booter.ForkedBooter.run(ForkedBooter.java:562)
DEBUG - org.apache.maven.surefire.booter.ForkedBooter.main(ForkedBooter.java:548)
ERROR - Access denied for user 'root'@'localhost' (using password: YES)
DEBUG - [Ljava.lang.StackTraceElement;@4823f3b8
ERROR - Access denied for user 'root'@'localhost' (using password: YES)
]]></system-out>
  </testcase>
  <testcase name="ReadAllTest" classname="com.qa.ims.persistence.dao.OrderDaoMysqlTest" time="0.063">
    <failure message="expected:&lt;[com.qa.ims.persistence.domain.Order@63061b62, com.qa.ims.persistence.domain.Order@5fe1f44, com.qa.ims.persistence.domain.Order@d77a2323]&gt; but was:&lt;[]&gt;" type="java.lang.AssertionError"><![CDATA[java.lang.AssertionError: expected:<[com.qa.ims.persistence.domain.Order@63061b62, com.qa.ims.persistence.domain.Order@5fe1f44, com.qa.ims.persistence.domain.Order@d77a2323]> but was:<[]>
	at com.qa.ims.persistence.dao.OrderDaoMysqlTest.ReadAllTest(OrderDaoMysqlTest.java:107)
]]></failure>
    <system-out><![CDATA[DEBUG - [Ljava.lang.StackTraceElement;@5563a63f
ERROR - Access denied for user 'root'@'localhost' (using password: YES)
]]></system-out>
  </testcase>
  <testcase name="ReadLatestTest" classname="com.qa.ims.persistence.dao.OrderDaoMysqlTest" time="0.093">
    <failure message="expected:&lt;com.qa.ims.persistence.domain.Order@5fe1f44&gt; but was:&lt;null&gt;" type="java.lang.AssertionError"><![CDATA[java.lang.AssertionError: expected:<com.qa.ims.persistence.domain.Order@5fe1f44> but was:<null>
	at com.qa.ims.persistence.dao.OrderDaoMysqlTest.ReadLatestTest(OrderDaoMysqlTest.java:115)
]]></failure>
    <system-out><![CDATA[DEBUG - [Ljava.lang.StackTraceElement;@3d8c3d0a
ERROR - Access denied for user 'root'@'localhost' (using password: YES)
]]></system-out>
  </testcase>
  <testcase name="ReadOrderTest" classname="com.qa.ims.persistence.dao.OrderDaoMysqlTest" time="0.058">
    <failure message="expected:&lt;com.qa.ims.persistence.domain.Order@5fe1f44&gt; but was:&lt;null&gt;" type="java.lang.AssertionError"><![CDATA[java.lang.AssertionError: expected:<com.qa.ims.persistence.domain.Order@5fe1f44> but was:<null>
	at com.qa.ims.persistence.dao.OrderDaoMysqlTest.ReadOrderTest(OrderDaoMysqlTest.java:123)
]]></failure>
    <system-out><![CDATA[DEBUG - [Ljava.lang.StackTraceElement;@3a44ebd5
ERROR - Access denied for user 'root'@'localhost' (using password: YES)
]]></system-out>
  </testcase>
  <testcase name="UpdateTest" classname="com.qa.ims.persistence.dao.OrderDaoMysqlTest" time="0.056">
    <failure message="expected:&lt;com.qa.ims.persistence.domain.Order@63061b62&gt; but was:&lt;null&gt;" type="java.lang.AssertionError"><![CDATA[java.lang.AssertionError: expected:<com.qa.ims.persistence.domain.Order@63061b62> but was:<null>
	at com.qa.ims.persistence.dao.OrderDaoMysqlTest.UpdateTest(OrderDaoMysqlTest.java:139)
]]></failure>
    <system-out><![CDATA[DEBUG - [Ljava.lang.StackTraceElement;@3e1f6318
ERROR - Access denied for user 'root'@'localhost' (using password: YES)
]]></system-out>
  </testcase>
  <testcase name="gDeleteTest" classname="com.qa.ims.persistence.dao.OrderDaoMysqlTest" time="0.107">
    <failure message="expected:&lt;[com.qa.ims.persistence.domain.Order@d77a2323]&gt; but was:&lt;[]&gt;" type="java.lang.AssertionError"><![CDATA[java.lang.AssertionError: expected:<[com.qa.ims.persistence.domain.Order@d77a2323]> but was:<[]>
	at com.qa.ims.persistence.dao.OrderDaoMysqlTest.gDeleteTest(OrderDaoMysqlTest.java:153)
]]></failure>
    <system-out><![CDATA[DEBUG - [Ljava.lang.StackTraceElement;@45cd5c56
ERROR - Access denied for user 'root'@'localhost' (using password: YES)
DEBUG - [Ljava.lang.StackTraceElement;@8fe054
ERROR - Access denied for user 'root'@'localhost' (using password: YES)
]]></system-out>
  </testcase>
</testsuite>